2016/7/5 10:30:51 falcon Login at ::1
2016/7/5 10:37:04 falcon Login at ::1
2016/7/5 10:38:15 falcon Login at ::1
2016/7/5 10:43:11 falcon Login at ::1
2016/7/5 10:43:21 falcon Login at ::1
2016/7/5 10:43:34 falcon Login at ::1
2016/7/5 10:44:18 falcon Login at ::1
2016/7/5 10:45:57 falcon Login at ::1
2016/7/5 10:46:48 falcon Login at ::1
2016/7/5 10:46:57 falcon Login at ::1
2016/7/5 10:47:15 falcon Login at ::1
2016/7/5 10:47:42 falcon Login at ::1
2016/7/5 10:47:47 falcon Login at ::1
2016/7/5 10:48:15 falcon Login at ::1
2016/7/5 10:49:05 falcon Login at ::1
2016/7/5 10:49:56 falcon Login at ::1
2016/7/5 10:50:09 falcon Login at ::1
2016/7/5 10:59:08 falcon Login at ::1
2016/7/5 10:59:28 falcon Login at ::1
2016/7/5 10:59:56 falcon Login at ::1
2016/7/5 11:11:30 falcon Login at ::1
2016/7/5 11:11:40 falcon Login at ::1
2016/7/5 11:11:54 falcon Login at ::1
2016/7/5 11:12:03 falcon Login at ::1
2016/7/5 11:12:12 falcon Login at ::1
2016/7/5 16:00:48 falcon Login at ::1
2016/7/5 16:01:36 falcon Login at ::1
2016/7/5 16:01:53 falcon Login at ::1
2016/7/5 16:04:56 falcon Login at ::1
2016/7/5 16:09:41 falcon Login at ::1
2016/7/5 16:18:41 falcon Login at ::1
2016/7/5 16:19:26 falcon Login at ::1
2016/7/5 16:20:13 falcon Login at ::1
2016/7/5 16:20:48 falcon Login at ::1
2016/7/5 16:20:54 falcon Login at ::1
2016/7/5 16:21:10 falcon Login at ::1
2016/7/5 16:25:37 falcon Login at ::1
2016/7/5 16:28:55 falcon Login at ::1
2016/7/5 16:36:35 falcon Login at ::1
2016/7/5 16:36:44 falcon Login at ::1
2016/7/5 16:39:43 falcon Login at ::1
2016/7/5 16:41:12 falcon Login at ::1
2016/7/5 16:42:06 falcon Login at ::1
2016/7/5 16:42:57 falcon Login at ::1
2016/7/5 16:43:30 falcon Login at ::1
2016/7/5 16:45:59 falcon Login at ::1
2016/7/5 17:11:22 falcon Login at ::1
2016/7/5 17:13:12 falcon Login at ::1
2016/7/5 17:34:51 falcon Login at ::1
2016/7/6 9:39:32 falcon Login at ::1
2016/7/6 10:37:19 falcon Login at ::1
2016/7/6 10:38:08 falcon Login at ::1
2016/7/6 10:58:39 falcon Login at ::1
2016/7/6 11:21:54 falcon Login at ::1
2016/7/6 11:27:20 falcon Login at ::1
2016/7/6 11:32:48 falcon Login at ::1
2016/7/6 11:42:37 falcon Login at ::1
2016/7/6 12:28:04 falcon Login at ::1
2016/7/6 12:52:52 falcon Login at ::1
2016/7/6 13:00:56 falcon Login at ::1
2016/7/6 15:02:35 falcon Login at ::1
2016/7/6 15:30:29 falcon Login at ::1
2016/7/6 15:48:17 falcon Login at ::1
2016/7/6 16:19:03 falcon Login at ::1
2016/7/6 16:24:01 falcon Login at ::1
2016/7/6 17:18:04 falcon Login at ::1
2016/7/6 17:20:06 falcon Login at ::1
2016/7/6 17:26:20 falcon Login at ::1
2016/7/7 11:35:06 falcon Login at ::1
2016/7/7 12:11:48 falcon Login at ::1
2016/7/7 12:40:06 falcon Login at ::1
2016/7/7 14:30:37 falcon Login at ::1
2016/7/7 15:10:29 falcon Login at ::1
2016/7/7 15:21:30 falcon Login at ::1
2016/7/7 15:49:00 falcon1 Login at ::1
2016/7/7 15:49:09 falcon Login at ::1
2016/7/7 15:59:49 falcon1 Login at ::1
2016/7/7 16:01:59 falcon Login at ::1
2016/7/7 16:02:44 falcon1 Login at ::1
2016/7/7 16:07:57 falcon Login at ::1
2016/7/7 16:08:24 falcon Login at ::1
2016/7/7 16:08:47 falcon Login at ::1
2016/7/7 16:09:25 falcon Login at ::1
2016/7/7 16:45:41 falcon Login at ::1
2016/7/7 16:49:31 falcon Login at ::1
2016/7/7 17:13:16 falcon Login at ::1
2016/7/8 10:20:35 falcon Login at ::1
2016/7/8 10:21:05 falcon Login at ::1
2016/7/8 10:43:50 falcon Login at ::1
2016/7/8 10:49:06 falcon Login at ::1
2016/7/8 11:20:16 falcon Login at ::1
2016/7/8 15:46:47 falcon Login at ::1
2016/7/8 16:40:05 falcon Login at ::1
2016/7/11 9:21:33 falcon Login at ::1
2016/7/11 11:31:28 falcon Login at ::1
2016/7/11 11:37:47 falcon Login at ::1
2016/7/11 11:57:08 falcon Login at ::1
2016/7/11 12:29:08 falcon Login at ::1
2016/7/11 15:18:09 falcon Login at ::1
2016/7/11 15:52:00 falcon Login at ::1
2016/7/11 16:39:14 falcon Login at ::1
2016/7/11 16:40:04 falcon Login at ::1
2016/7/11 16:47:36 falcon Login at ::1
2016/7/11 16:56:13 falcon Login at ::1
2016/7/11 17:22:14 falcon Login at ::1
2016/7/12 10:27:35 falcon Login at ::1
2016/7/12 10:28:57 falcon Login at ::1
2016/7/12 10:31:15 falcon Login at ::1
2016/7/12 10:40:06 falcon Login at ::1
2016/7/12 10:42:19 falcon Login at ::1
2016/7/12 10:48:26 falcon Login at ::1
2016/7/12 10:55:22 falcon Login at ::1
2016/7/12 11:11:33 falcon Login at ::1
2016/7/12 11:12:04 falcon Login at ::1
2016/7/12 12:05:58 falcon Login at ::1
2016/7/12 12:18:47 falcon Login at ::1
2016/7/12 15:36:18 falcon Login at ::1
2016/7/13 11:52:10 falcon Login at ::1
2016/7/14 9:25:48 falcon Login at ::1
2016/7/14 9:32:22 falcon Login at ::1
2016/7/14 9:43:44 falcon Login at ::1
2016/7/14 9:45:30 falcon Login at ::1
2016/7/21 10:34:07 falcon Login at ::1
2016/7/21 10:35:11 falcon Login at ::1
2016/7/21 10:35:20 falcon Login at ::1
2016/7/21 10:39:53 falcon Login at ::1
2016/7/21 11:08:04 falcon Login at ::1
2016/7/21 11:18:04 falcon Login at ::1
2016/7/21 15:08:43 falcon Login at ::1
2016/7/21 15:36:38 falcon Login at ::1
2016/7/21 15:40:28 falcon Login at ::1
2016/7/21 16:25:21 falcon Login at ::1
2016/7/21 17:08:06 falcon Login at ::1
2016/7/21 17:27:55 falcon Login at ::1
2016/7/21 17:29:00 falcon Login at ::1
2016/7/21 17:45:11 falcon Login at ::1
2016/7/22 16:52:25 falcon Login at ::1
2016/7/22 17:12:17 falcon Login at ::1
2016/7/22 17:17:04 falcon Login at ::1
2016/7/22 17:37:30 falcon Login at ::1
2016/7/27 16:40:25 falcon Login at ::1
2016/7/29 11:39:39 falcon Login at ::1
2016/7/29 11:50:53 falcon Login at ::1
2016/7/29 11:57:23 falcon Login at ::1
2016/7/29 12:05:32 falcon Login at ::1
2016/7/29 12:07:20 falcon Login at ::1
2016/7/29 12:07:48 falcon Login at ::1
2016/7/29 12:08:40 falcon Login at ::1
2016/8/1 10:21:33 falcon Login at ::1
2016/8/1 11:07:53 falcon Login at ::1
2016/8/1 12:23:57 falcon Login at ::1
2016/8/1 15:04:16 falcon Login at ::1
2016/8/1 15:04:36 falcon Login at ::1
2016/8/1 15:05:29 falcon Login at ::1
2016/8/1 15:41:53 falcon Login at ::1
2016/8/1 16:28:03 falcon Login at ::1
2016/8/2 17:10:58 falcon Login at ::1
2016/8/2 17:16:06 falcon Login at ::1
2016/8/2 17:24:17 falcon Login at ::1
2016/8/3 9:41:10 falcon Login at ::1
2016/8/3 16:19:30 falcon Login at ::1
2016/8/3 16:39:43 falcon Login at ::1
2016/8/3 17:15:07 falcon Login at ::1
2016/8/3 17:53:43 falcon Login at ::1
2016/8/3 17:54:50 falcon Login at ::1
2016/8/3 18:02:50 falcon Login at ::1
2016/8/3 18:03:41 falcon Login at ::1
2016/8/4 9:45:26 falcon Login at ::1
2016/8/4 10:15:00 falcon Login at ::1
2016/8/4 10:36:25 falcon Login at ::1
2016/8/4 10:41:10 falcon Login at ::1
2016/8/4 10:55:09 falcon Login at ::1
2016/8/4 11:03:01 falcon Login at ::1
2016/8/4 11:04:38 falcon Login at ::1
2016/8/4 11:04:40 falcon Login at ::1
2016/8/4 11:07:30 falcon Login at ::1
2016/8/4 11:09:53 falcon Login at ::1
2016/8/4 11:10:49 falcon Login at ::1
2016/8/4 14:39:49 falcon Login at ::1
2016/8/4 17:47:50 falcon Login at ::1
2016/8/4 17:47:57 falcon Login at ::1
2016/8/4 17:47:57 falcon Login at ::1
2016/8/4 17:52:50 falcon Login at ::1
2016/8/4 17:56:11 falcon Login at ::1
2016/8/4 17:56:13 falcon Login at ::1
2016/9/5 12:01:41 falcon Login at ::1
2016/9/5 12:02:19 falcon Login at ::1
2016/9/7 9:22:03 falcon Login at ::1
2016/9/7 9:26:26 falcon Login at ::1
2016/9/7 11:16:13 falcon Login at ::1
2016/9/7 11:36:36 falcon Login at ::1
2016/9/7 12:24:09 falcon Login at ::1
2016/9/7 12:35:05 falcon Login at ::1
2016/9/7 12:44:35 falcon Login at ::1
2016/9/7 15:24:38 falcon Login at ::1
2016/9/7 15:29:24 falcon Login at ::1
2016/9/7 15:49:56 falcon Login at ::1
2016/9/7 16:11:15 falcon Login at ::1
2016/9/7 16:12:51 falcon Login at ::1
2016/9/7 16:14:55 falcon Login at ::1
2016/9/7 17:29:10 falcon Login at ::1
2016/9/7 17:51:06 Jaymen.Vong  Login at ::1
2016/9/7 17:51:15 falcon Login at ::1
2016/9/7 17:51:35 finuser  Login at ::1
2016/9/7 17:51:48 falcon Login at ::1
2016/9/7 17:52:18 finuser  Login at ::1
2016/9/7 17:52:29 finuser  Login at ::1
2016/9/7 17:52:38 falcon Login at ::1
2016/9/7 17:52:53 Jaymen.Vong  Login at ::1
2016/9/7 17:53:10 falcon Login at ::1
2016/9/8 16:57:32 falcon Login at ::1
9/8/2016 5:26:17 PM falcon Login at 192.168.18.240
9/8/2016 5:27:39 PM falcon Login at 192.168.18.240
9/8/2016 5:28:16 PM falcon Login at 192.168.18.116
9/8/2016 5:33:20 PM falcon Login at 192.168.18.240
9/8/2016 5:33:24 PM falcon Login at 192.168.18.240
9/9/2016 9:27:28 AM falcon Login at 192.168.18.240
9/9/2016 9:39:10 AM falcon Login at 192.168.18.240
9/9/2016 9:52:22 AM falcon Login at 192.168.18.240
9/9/2016 9:54:30 AM falcon Login at 192.168.18.240
9/9/2016 10:23:45 AM falcon Login at 192.168.18.240
9/9/2016 10:27:09 AM falcon Login at 192.168.18.240
2016/9/9 10:32:51 falcon Login at ::1
2016/9/9 10:47:14 falcon Login at ::1
2016/9/9 10:48:24 falcon Login at ::1
2016/9/9 11:00:06 falcon Login at ::1
2016/9/9 14:19:48 falcon Login at ::1
2016/9/9 14:41:51 falcon Login at ::1
2016/9/9 14:42:38 falcon Login at ::1
2016/9/9 14:43:10 falcon Login at ::1
2016/9/9 15:25:09 falcon Login at ::1
2016/9/9 16:13:24 falcon Login at ::1
2016/9/12 9:14:54 falcon Login at ::1
2016/9/12 9:24:42 falcon Login at ::1
2016/9/12 9:24:47 falcon Login at ::1
2016/9/12 9:25:46 falcon Login at ::1
2016/9/12 9:26:38 falcon Login at ::1
2016/9/12 9:32:02 falcon Login at ::1
2016/9/12 9:34:30 falcon Login at ::1
2016/9/12 9:46:58 falcon Login at ::1
2016/9/12 10:06:31 falcon Login at ::1
2016/9/12 10:54:29 falcon Login at ::1
2016/9/12 10:57:00 falcon Login at ::1
2016/9/12 11:16:16 falcon Login at ::1
2016/9/12 12:03:10 falcon Login at ::1
2016/9/12 12:45:56 falcon Login at ::1
2016/9/12 12:48:15 falcon Login at ::1
2016/9/12 15:07:33 falcon Login at ::1
2016/9/12 15:22:05 falcon Login at ::1
2016/9/12 15:47:10 falcon Login at ::1
2016/9/12 16:00:52 falcon Login at ::1
2016/9/13 9:19:16 falcon Login at ::1
2016/9/13 9:37:55 falcon Login at ::1
2016/9/13 9:39:27 falcon Login at ::1
2016/9/13 9:46:37 falcon Login at ::1
